[0.497s] Invoking command in '/home/dimi/ros2_ws/src/my_robot_pkg': PYTHONPATH=/home/dimi/ros2_ws/src/my_robot_pkg/build/my_robot_pkg/prefix_override:/usr/lib/python3/dist-packages/colcon_core/task/python/colcon_distutils_commands:/home/dimi/ros2_ws/src/my_robot_pkg/install/my_robot_pkg/lib/python3.10/site-packages:${PYTHONPATH} /usr/bin/python3 -W ignore:setup.py install is deprecated -W ignore:easy_install command is deprecated setup.py egg_info --egg-base build/my_robot_pkg build --build-base /home/dimi/ros2_ws/src/my_robot_pkg/build/my_robot_pkg/build install --record /home/dimi/ros2_ws/src/my_robot_pkg/build/my_robot_pkg/install.log --single-version-externally-managed install_data
[0.633s] running egg_info
[0.633s] creating build/my_robot_pkg/my_robot_pkg.egg-info
[0.634s] writing build/my_robot_pkg/my_robot_pkg.egg-info/PKG-INFO
[0.634s] writing dependency_links to build/my_robot_pkg/my_robot_pkg.egg-info/dependency_links.txt
[0.634s] writing entry points to build/my_robot_pkg/my_robot_pkg.egg-info/entry_points.txt
[0.634s] writing requirements to build/my_robot_pkg/my_robot_pkg.egg-info/requires.txt
[0.634s] writing top-level names to build/my_robot_pkg/my_robot_pkg.egg-info/top_level.txt
[0.634s] writing manifest file 'build/my_robot_pkg/my_robot_pkg.egg-info/SOURCES.txt'
[0.635s] reading manifest file 'build/my_robot_pkg/my_robot_pkg.egg-info/SOURCES.txt'
[0.636s] writing manifest file 'build/my_robot_pkg/my_robot_pkg.egg-info/SOURCES.txt'
[0.636s] running build
[0.636s] running build_py
[0.636s] creating /home/dimi/ros2_ws/src/my_robot_pkg/build/my_robot_pkg/build
[0.636s] creating /home/dimi/ros2_ws/src/my_robot_pkg/build/my_robot_pkg/build/lib
[0.636s] creating /home/dimi/ros2_ws/src/my_robot_pkg/build/my_robot_pkg/build/lib/my_robot_pkg
[0.636s] copying my_robot_pkg/__init__.py -> /home/dimi/ros2_ws/src/my_robot_pkg/build/my_robot_pkg/build/lib/my_robot_pkg
[0.637s] copying my_robot_pkg/auto_rectangle.py -> /home/dimi/ros2_ws/src/my_robot_pkg/build/my_robot_pkg/build/lib/my_robot_pkg
[0.637s] running install
[0.638s] running install_lib
[0.638s] creating /home/dimi/ros2_ws/src/my_robot_pkg/install/my_robot_pkg/lib/python3.10/site-packages/my_robot_pkg
[0.639s] copying /home/dimi/ros2_ws/src/my_robot_pkg/build/my_robot_pkg/build/lib/my_robot_pkg/__init__.py -> /home/dimi/ros2_ws/src/my_robot_pkg/install/my_robot_pkg/lib/python3.10/site-packages/my_robot_pkg
[0.639s] copying /home/dimi/ros2_ws/src/my_robot_pkg/build/my_robot_pkg/build/lib/my_robot_pkg/auto_rectangle.py -> /home/dimi/ros2_ws/src/my_robot_pkg/install/my_robot_pkg/lib/python3.10/site-packages/my_robot_pkg
[0.639s] byte-compiling /home/dimi/ros2_ws/src/my_robot_pkg/install/my_robot_pkg/lib/python3.10/site-packages/my_robot_pkg/__init__.py to __init__.cpython-310.pyc
[0.640s] byte-compiling /home/dimi/ros2_ws/src/my_robot_pkg/install/my_robot_pkg/lib/python3.10/site-packages/my_robot_pkg/auto_rectangle.py to auto_rectangle.cpython-310.pyc
[0.641s] running install_data
[0.641s] creating /home/dimi/ros2_ws/src/my_robot_pkg/install/my_robot_pkg/share/ament_index
[0.641s] creating /home/dimi/ros2_ws/src/my_robot_pkg/install/my_robot_pkg/share/ament_index/resource_index
[0.641s] creating /home/dimi/ros2_ws/src/my_robot_pkg/install/my_robot_pkg/share/ament_index/resource_index/packages
[0.641s] copying resource/my_robot_pkg -> /home/dimi/ros2_ws/src/my_robot_pkg/install/my_robot_pkg/share/ament_index/resource_index/packages
[0.642s] copying package.xml -> /home/dimi/ros2_ws/src/my_robot_pkg/install/my_robot_pkg/share/my_robot_pkg
[0.642s] creating /home/dimi/ros2_ws/src/my_robot_pkg/install/my_robot_pkg/share/my_robot_pkg/launch
[0.642s] copying launch/spawn_minimal_robot.launch.py -> /home/dimi/ros2_ws/src/my_robot_pkg/install/my_robot_pkg/share/my_robot_pkg/launch
[0.642s] copying launch/spawn_my_robot.launch.py -> /home/dimi/ros2_ws/src/my_robot_pkg/install/my_robot_pkg/share/my_robot_pkg/launch
[0.643s] creating /home/dimi/ros2_ws/src/my_robot_pkg/install/my_robot_pkg/share/my_robot_pkg/urdf
[0.643s] copying urdf/my_robot.urdf -> /home/dimi/ros2_ws/src/my_robot_pkg/install/my_robot_pkg/share/my_robot_pkg/urdf
[0.643s] running install_egg_info
[0.644s] Copying build/my_robot_pkg/my_robot_pkg.egg-info to /home/dimi/ros2_ws/src/my_robot_pkg/install/my_robot_pkg/lib/python3.10/site-packages/my_robot_pkg-0.0.0-py3.10.egg-info
[0.646s] running install_scripts
[0.660s] Installing auto_rectangle script to /home/dimi/ros2_ws/src/my_robot_pkg/install/my_robot_pkg/lib/my_robot_pkg
[0.660s] writing list of installed files to '/home/dimi/ros2_ws/src/my_robot_pkg/build/my_robot_pkg/install.log'
[0.676s] Invoked command in '/home/dimi/ros2_ws/src/my_robot_pkg' returned '0': PYTHONPATH=/home/dimi/ros2_ws/src/my_robot_pkg/build/my_robot_pkg/prefix_override:/usr/lib/python3/dist-packages/colcon_core/task/python/colcon_distutils_commands:/home/dimi/ros2_ws/src/my_robot_pkg/install/my_robot_pkg/lib/python3.10/site-packages:${PYTHONPATH} /usr/bin/python3 -W ignore:setup.py install is deprecated -W ignore:easy_install command is deprecated setup.py egg_info --egg-base build/my_robot_pkg build --build-base /home/dimi/ros2_ws/src/my_robot_pkg/build/my_robot_pkg/build install --record /home/dimi/ros2_ws/src/my_robot_pkg/build/my_robot_pkg/install.log --single-version-externally-managed install_data
